# JRE version: OpenJDK Runtime Environment Temurin-21.0.10+7 (21.0.10+7) (build 21.0.10+7-LTS)
# Java VM: OpenJDK 64-Bit Server VM Temurin-21.0.10+7 (21.0.10+7-LTS, mixed mode, sharing, tiered, compressed oops, compressed class ptrs, parallel gc, windows-amd64)
GC Precious Log:
 CardTable entry size: 512
 CPUs: 4 total, 4 available
 Memory: 6071M
 Large Page Support: Disabled
 NUMA Support: Disabled
 Compressed Oops: Enabled (32-bit)
 Alignments: Space 512K, Generation 512K, Heap 2M
 Heap Min Capacity: 100M
 Heap Initial Capacity: 100M
 Heap Max Capacity: 2G
 Pre-touch: Disabled
 Parallel Workers: 4
Heap:
 PSYoungGen      total 6656K, used 4434K [0x00000000d5580000, 0x00000000d5d00000, 0x0000000100000000)
  eden space 5120K, 67% used [0x00000000d5580000,0x00000000d58e3f90,0x00000000d5a80000)
  from space 1536K, 62% used [0x00000000d5a80000,0x00000000d5b708b8,0x00000000d5c00000)
  to   space 1024K, 0% used [0x00000000d5c00000,0x00000000d5c00000,0x00000000d5d00000)
 ParOldGen       total 162304K, used 161899K [0x0000000080000000, 0x0000000089e80000, 0x00000000d5580000)
  object space 162304K, 99% used [0x0000000080000000,0x0000000089e1ac78,0x0000000089e80000)
 Metaspace       used 72464K, committed 74240K, reserved 1179648K
  class space    used 7413K, committed 8256K, reserved 1048576K
GC Heap History (20 events):
Event: 4001.300 GC heap before
{Heap before GC invocations=129 (full 3):
 PSYoungGen      total 7680K, used 7652K [0x00000000d5580000, 0x00000000d6100000, 0x0000000100000000)
  eden space 6656K, 99% used [0x00000000d5580000,0x00000000d5bfffd0,0x00000000d5c00000)
  from space 1024K, 97% used [0x00000000d5c00000,0x00000000d5cf9230,0x00000000d5d00000)
  to   space 2560K, 0% used [0x00000000d5e80000,0x00000000d5e80000,0x00000000d6100000)
 ParOldGen       total 152064K, used 151714K [0x0000000080000000, 0x0000000089480000, 0x00000000d5580000)
  object space 152064K, 99% used [0x0000000080000000,0x0000000089428b10,0x0000000089480000)
 Metaspace       used 71995K, committed 73664K, reserved 1114112K
  class space    used 7404K, committed 8192K, reserved 1048576K
}
Event: 4001.305 GC heap after
{Heap after GC invocations=129 (full 3):
 PSYoungGen      total 8192K, used 1280K [0x00000000d5580000, 0x00000000d6000000, 0x0000000100000000)
  eden space 6656K, 0% used [0x00000000d5580000,0x00000000d5580000,0x00000000d5c00000)
  from space 1536K, 83% used [0x00000000d5e80000,0x00000000d5fc0000,0x00000000d6000000)
  to   space 2048K, 0% used [0x00000000d5c00000,0x00000000d5c00000,0x00000000d5e00000)
 ParOldGen       total 153088K, used 152654K [0x0000000080000000, 0x0000000089580000, 0x00000000d5580000)
  object space 153088K, 99% used [0x0000000080000000,0x0000000089513808,0x0000000089580000)
 Metaspace       used 71995K, committed 73664K, reserved 1114112K
  class space    used 7404K, committed 8192K, reserved 1048576K
}
Event: 4002.016 GC heap before
{Heap before GC invocations=130 (full 3):
 PSYoungGen      total 8192K, used 6815K [0x00000000d5580000, 0x00000000d6000000, 0x0000000100000000)
  eden space 6656K, 83% used [0x00000000d5580000,0x00000000d5ae7ed8,0x00000000d5c00000)
  from space 1536K, 83% used [0x00000000d5e80000,0x00000000d5fc0000,0x00000000d6000000)
  to   space 2048K, 0% used [0x00000000d5c00000,0x00000000d5c00000,0x00000000d5e00000)
 ParOldGen       total 153088K, used 152654K [0x0000000080000000, 0x0000000089580000, 0x00000000d5580000)
  object space 153088K, 99% used [0x0000000080000000,0x0000000089513808,0x0000000089580000)
 Metaspace       used 72284K, committed 73984K, reserved 1179648K
  class space    used 7410K, committed 8192K, reserved 1048576K
}
Event: 4002.020 GC heap after
{Heap after GC invocations=130 (full 3):
 PSYoungGen      total 8704K, used 700K [0x00000000d5580000, 0x00000000d5f00000, 0x0000000100000000)
  eden space 6656K, 0% used [0x00000000d5580000,0x00000000d5580000,0x00000000d5c00000)
  from space 2048K, 34% used [0x00000000d5c00000,0x00000000d5caf1b0,0x00000000d5e00000)
  to   space 1024K, 0% used [0x00000000d5e00000,0x00000000d5e00000,0x00000000d5f00000)
 ParOldGen       total 154112K, used 153783K [0x0000000080000000, 0x0000000089680000, 0x00000000d5580000)
  object space 154112K, 99% used [0x0000000080000000,0x000000008962dfd8,0x0000000089680000)
 Metaspace       used 72284K, committed 73984K, reserved 1179648K
  class space    used 7410K, committed 8192K, reserved 1048576K
}
Event: 4002.281 GC heap before
{Heap before GC invocations=131 (full 3):
 PSYoungGen      total 8704K, used 7356K [0x00000000d5580000, 0x00000000d5f00000, 0x0000000100000000)
  eden space 6656K, 100% used [0x00000000d5580000,0x00000000d5c00000,0x00000000d5c00000)
  from space 2048K, 34% used [0x00000000d5c00000,0x00000000d5caf1b0,0x00000000d5e00000)
  to   space 1024K, 0% used [0x00000000d5e00000,0x00000000d5e00000,0x00000000d5f00000)
 ParOldGen       total 154112K, used 153783K [0x0000000080000000, 0x0000000089680000, 0x00000000d5580000)
  object space 154112K, 99% used [0x0000000080000000,0x000000008962dfd8,0x0000000089680000)
 Metaspace       used 72343K, committed 74048K, reserved 1179648K
  class space    used 7410K, committed 8192K, reserved 1048576K
}
Event: 4002.285 GC heap after
{Heap after GC invocations=131 (full 3):
 PSYoungGen      total 7680K, used 1007K [0x00000000d5580000, 0x00000000d5f00000, 0x0000000100000000)
  eden space 6656K, 0% used [0x00000000d5580000,0x00000000d5580000,0x00000000d5c00000)
  from space 1024K, 98% used [0x00000000d5e00000,0x00000000d5efbe68,0x00000000d5f00000)
  to   space 1536K, 0% used [0x00000000d5c00000,0x00000000d5c00000,0x00000000d5d80000)
 ParOldGen       total 154624K, used 154436K [0x0000000080000000, 0x0000000089700000, 0x00000000d5580000)
  object space 154624K, 99% used [0x0000000080000000,0x00000000896d1150,0x0000000089700000)
 Metaspace       used 72343K, committed 74048K, reserved 1179648K
  class space    used 7410K, committed 8192K, reserved 1048576K
}
Event: 4002.446 GC heap before
{Heap before GC invocations=132 (full 3):
 PSYoungGen      total 7680K, used 7663K [0x00000000d5580000, 0x00000000d5f00000, 0x0000000100000000)
  eden space 6656K, 100% used [0x00000000d5580000,0x00000000d5c00000,0x00000000d5c00000)
  from space 1024K, 98% used [0x00000000d5e00000,0x00000000d5efbe68,0x00000000d5f00000)
  to   space 1536K, 0% used [0x00000000d5c00000,0x00000000d5c00000,0x00000000d5d80000)
 ParOldGen       total 154624K, used 154436K [0x0000000080000000, 0x0000000089700000, 0x00000000d5580000)
  object space 154624K, 99% used [0x0000000080000000,0x00000000896d1150,0x0000000089700000)
 Metaspace       used 72347K, committed 74048K, reserved 1179648K
  class space    used 7410K, committed 8192K, reserved 1048576K
}
Event: 4002.452 GC heap after
{Heap after GC invocations=132 (full 3):
 PSYoungGen      total 8192K, used 864K [0x00000000d5580000, 0x00000000d5e80000, 0x0000000100000000)
  eden space 6656K, 0% used [0x00000000d5580000,0x00000000d5580000,0x00000000d5c00000)
  from space 1536K, 56% used [0x00000000d5c00000,0x00000000d5cd80a0,0x00000000d5d80000)
  to   space 1024K, 0% used [0x00000000d5d80000,0x00000000d5d80000,0x00000000d5e80000)
 ParOldGen       total 156672K, used 156605K [0x0000000080000000, 0x0000000089900000, 0x00000000d5580000)
  object space 156672K, 99% used [0x0000000080000000,0x00000000898ef7f8,0x0000000089900000)
 Metaspace       used 72347K, committed 74048K, reserved 1179648K
  class space    used 7410K, committed 8192K, reserved 1048576K
}
Event: 4002.686 GC heap before
{Heap before GC invocations=133 (full 3):
 PSYoungGen      total 8192K, used 7520K [0x00000000d5580000, 0x00000000d5e80000, 0x0000000100000000)
  eden space 6656K, 100% used [0x00000000d5580000,0x00000000d5c00000,0x00000000d5c00000)
  from space 1536K, 56% used [0x00000000d5c00000,0x00000000d5cd80a0,0x00000000d5d80000)
  to   space 1024K, 0% used [0x00000000d5d80000,0x00000000d5d80000,0x00000000d5e80000)
 ParOldGen       total 156672K, used 156605K [0x0000000080000000, 0x0000000089900000, 0x00000000d5580000)
  object space 156672K, 99% used [0x0000000080000000,0x00000000898ef7f8,0x0000000089900000)
 Metaspace       used 72360K, committed 74048K, reserved 1179648K
  class space    used 7410K, committed 8192K, reserved 1048576K
}
Event: 4002.691 GC heap after
{Heap after GC invocations=133 (full 3):
 PSYoungGen      total 6144K, used 993K [0x00000000d5580000, 0x00000000d6200000, 0x0000000100000000)
  eden space 5120K, 0% used [0x00000000d5580000,0x00000000d5580000,0x00000000d5a80000)
  from space 1024K, 96% used [0x00000000d5d80000,0x00000000d5e784e8,0x00000000d5e80000)
  to   space 3072K, 0% used [0x00000000d5a80000,0x00000000d5a80000,0x00000000d5d80000)
 ParOldGen       total 158208K, used 157941K [0x0000000080000000, 0x0000000089a80000, 0x00000000d5580000)
  object space 158208K, 99% used [0x0000000080000000,0x0000000089a3d448,0x0000000089a80000)
 Metaspace       used 72360K, committed 74048K, reserved 1179648K
  class space    used 7410K, committed 8192K, reserved 1048576K
}
Event: 4002.746 GC heap before
{Heap before GC invocations=134 (full 3):
 PSYoungGen      total 6144K, used 5388K [0x00000000d5580000, 0x00000000d6200000, 0x0000000100000000)
  eden space 5120K, 85% used [0x00000000d5580000,0x00000000d59cac20,0x00000000d5a80000)
  from space 1024K, 96% used [0x00000000d5d80000,0x00000000d5e784e8,0x00000000d5e80000)
  to   space 3072K, 0% used [0x00000000d5a80000,0x00000000d5a80000,0x00000000d5d80000)
 ParOldGen       total 158208K, used 157941K [0x0000000080000000, 0x0000000089a80000, 0x00000000d5580000)
  object space 158208K, 99% used [0x0000000080000000,0x0000000089a3d448,0x0000000089a80000)
 Metaspace       used 72365K, committed 74048K, reserved 1179648K
  class space    used 7410K, committed 8192K, reserved 1048576K
}
Event: 4002.749 GC heap after
{Heap after GC invocations=134 (full 3):
 PSYoungGen      total 5632K, used 416K [0x00000000d5580000, 0x00000000d5e00000, 0x0000000100000000)
  eden space 5120K, 0% used [0x00000000d5580000,0x00000000d5580000,0x00000000d5a80000)
  from space 512K, 81% used [0x00000000d5a80000,0x00000000d5ae8000,0x00000000d5b00000)
  to   space 1536K, 0% used [0x00000000d5c80000,0x00000000d5c80000,0x00000000d5e00000)
 ParOldGen       total 159232K, used 158901K [0x0000000080000000, 0x0000000089b80000, 0x00000000d5580000)
  object space 159232K, 99% used [0x0000000080000000,0x0000000089b2d758,0x0000000089b80000)
 Metaspace       used 72365K, committed 74048K, reserved 1179648K
  class space    used 7410K, committed 8192K, reserved 1048576K
}
Event: 4002.814 GC heap before
{Heap before GC invocations=135 (full 3):
 PSYoungGen      total 5632K, used 4631K [0x00000000d5580000, 0x00000000d5e00000, 0x0000000100000000)
  eden space 5120K, 82% used [0x00000000d5580000,0x00000000d599ddd0,0x00000000d5a80000)
  from space 512K, 81% used [0x00000000d5a80000,0x00000000d5ae8000,0x00000000d5b00000)
  to   space 1536K, 0% used [0x00000000d5c80000,0x00000000d5c80000,0x00000000d5e00000)
 ParOldGen       total 159232K, used 158901K [0x0000000080000000, 0x0000000089b80000, 0x00000000d5580000)
  object space 159232K, 99% used [0x0000000080000000,0x0000000089b2d758,0x0000000089b80000)
 Metaspace       used 72382K, committed 74112K, reserved 1179648K
  class space    used 7410K, committed 8192K, reserved 1048576K
}
Event: 4002.817 GC heap after
{Heap after GC invocations=135 (full 3):
 PSYoungGen      total 5632K, used 224K [0x00000000d5580000, 0x00000000d5d00000, 0x0000000100000000)
  eden space 5120K, 0% used [0x00000000d5580000,0x00000000d5580000,0x00000000d5a80000)
  from space 512K, 43% used [0x00000000d5c80000,0x00000000d5cb8000,0x00000000d5d00000)
  to   space 512K, 0% used [0x00000000d5a80000,0x00000000d5a80000,0x00000000d5b00000)
 ParOldGen       total 159232K, used 159213K [0x0000000080000000, 0x0000000089b80000, 0x00000000d5580000)
  object space 159232K, 99% used [0x0000000080000000,0x0000000089b7b758,0x0000000089b80000)
 Metaspace       used 72382K, committed 74112K, reserved 1179648K
  class space    used 7410K, committed 8192K, reserved 1048576K
}
Event: 4002.877 GC heap before
{Heap before GC invocations=136 (full 3):
 PSYoungGen      total 5632K, used 5344K [0x00000000d5580000, 0x00000000d5d00000, 0x0000000100000000)
  eden space 5120K, 100% used [0x00000000d5580000,0x00000000d5a80000,0x00000000d5a80000)
  from space 512K, 43% used [0x00000000d5c80000,0x00000000d5cb8000,0x00000000d5d00000)
  to   space 512K, 0% used [0x00000000d5a80000,0x00000000d5a80000,0x00000000d5b00000)
 ParOldGen       total 159232K, used 159213K [0x0000000080000000, 0x0000000089b80000, 0x00000000d5580000)
  object space 159232K, 99% used [0x0000000080000000,0x0000000089b7b758,0x0000000089b80000)
 Metaspace       used 72392K, committed 74112K, reserved 1179648K
  class space    used 7410K, committed 8192K, reserved 1048576K
}
Event: 4002.880 GC heap after
{Heap after GC invocations=136 (full 3):
 PSYoungGen      total 5632K, used 444K [0x00000000d5580000, 0x00000000d5d00000, 0x0000000100000000)
  eden space 5120K, 0% used [0x00000000d5580000,0x00000000d5580000,0x00000000d5a80000)
  from space 512K, 86% used [0x00000000d5a80000,0x00000000d5aef200,0x00000000d5b00000)
  to   space 512K, 0% used [0x00000000d5c80000,0x00000000d5c80000,0x00000000d5d00000)
 ParOldGen       total 159744K, used 159384K [0x0000000080000000, 0x0000000089c00000, 0x00000000d5580000)
  object space 159744K, 99% used [0x0000000080000000,0x0000000089ba6268,0x0000000089c00000)
 Metaspace       used 72392K, committed 74112K, reserved 1179648K
  class space    used 7410K, committed 8192K, reserved 1048576K
}
Event: 4002.959 GC heap before
{Heap before GC invocations=137 (full 3):
 PSYoungGen      total 5632K, used 5564K [0x00000000d5580000, 0x00000000d5d00000, 0x0000000100000000)
  eden space 5120K, 100% used [0x00000000d5580000,0x00000000d5a80000,0x00000000d5a80000)
  from space 512K, 86% used [0x00000000d5a80000,0x00000000d5aef200,0x00000000d5b00000)
  to   space 512K, 0% used [0x00000000d5c80000,0x00000000d5c80000,0x00000000d5d00000)
 ParOldGen       total 159744K, used 159384K [0x0000000080000000, 0x0000000089c00000, 0x00000000d5580000)
  object space 159744K, 99% used [0x0000000080000000,0x0000000089ba6268,0x0000000089c00000)
 Metaspace       used 72415K, committed 74176K, reserved 1179648K
  class space    used 7413K, committed 8256K, reserved 1048576K
}
Event: 4002.961 GC heap after
{Heap after GC invocations=137 (full 3):
 PSYoungGen      total 5632K, used 512K [0x00000000d5580000, 0x00000000d5d80000, 0x0000000100000000)
  eden space 5120K, 0% used [0x00000000d5580000,0x00000000d5580000,0x00000000d5a80000)
  from space 512K, 100% used [0x00000000d5c80000,0x00000000d5d00000,0x00000000d5d00000)
  to   space 1536K, 0% used [0x00000000d5a80000,0x00000000d5a80000,0x00000000d5c00000)
 ParOldGen       total 160256K, used 159939K [0x0000000080000000, 0x0000000089c80000, 0x00000000d5580000)
  object space 160256K, 99% used [0x0000000080000000,0x0000000089c30d98,0x0000000089c80000)
 Metaspace       used 72415K, committed 74176K, reserved 1179648K
  class space    used 7413K, committed 8256K, reserved 1048576K
}
Event: 4004.160 GC heap before
{Heap before GC invocations=138 (full 3):
 PSYoungGen      total 5632K, used 5615K [0x00000000d5580000, 0x00000000d5d80000, 0x0000000100000000)
  eden space 5120K, 99% used [0x00000000d5580000,0x00000000d5a7bdf8,0x00000000d5a80000)
  from space 512K, 100% used [0x00000000d5c80000,0x00000000d5d00000,0x00000000d5d00000)
  to   space 1536K, 0% used [0x00000000d5a80000,0x00000000d5a80000,0x00000000d5c00000)
 ParOldGen       total 160256K, used 159939K [0x0000000080000000, 0x0000000089c80000, 0x00000000d5580000)
  object space 160256K, 99% used [0x0000000080000000,0x0000000089c30d98,0x0000000089c80000)
 Metaspace       used 72458K, committed 74240K, reserved 1179648K
  class space    used 7413K, committed 8256K, reserved 1048576K
}
Event: 4004.164 GC heap after
{Heap after GC invocations=138 (full 3):
 PSYoungGen      total 6656K, used 962K [0x00000000d5580000, 0x00000000d5d00000, 0x0000000100000000)
  eden space 5120K, 0% used [0x00000000d5580000,0x00000000d5580000,0x00000000d5a80000)
  from space 1536K, 62% used [0x00000000d5a80000,0x00000000d5b708b8,0x00000000d5c00000)
  to   space 1024K, 0% used [0x00000000d5c00000,0x00000000d5c00000,0x00000000d5d00000)
 ParOldGen       total 162304K, used 161899K [0x0000000080000000, 0x0000000089e80000, 0x00000000d5580000)
  object space 162304K, 99% used [0x0000000080000000,0x0000000089e1ac78,0x0000000089e80000)
 Metaspace       used 72458K, committed 74240K, reserved 1179648K
  class space    used 7413K, committed 8256K, reserved 1048576K
}

